2024-12-23 04:36:34,252 - INFO - Cloning repository from https://github.com/AJEANEUDES/PED.git...
2024-12-23 04:36:35,689 - INFO - Repository updated successfully
2024-12-23 04:36:35,701 - INFO - Raw data saved to data\raw_data_20241223_043635.json
2024-12-23 04:36:35,742 - INFO - Ensemble de données sauvegardé dans data\dataset_20241223_043635.csv
2024-12-23 04:36:35,751 - INFO - Ensemble de données sauvegardé dans data\dataset_20241223_043635.pkl
2024-12-23 04:37:08,606 - INFO - Cloning repository from https://github.com/AJEANEUDES/PED.git...
2024-12-23 04:37:09,456 - INFO - Cloning repository from https://github.com/AJEANEUDES/PED.git...
2024-12-23 04:37:09,773 - INFO - Cloning repository from https://github.com/AJEANEUDES/PED.git...
2024-12-23 04:37:10,024 - INFO - Repository updated successfully
2024-12-23 04:37:10,063 - INFO - Raw data saved to data\raw_data_20241223_043710.json
2024-12-23 04:37:10,779 - INFO - Repository updated successfully
2024-12-23 04:37:10,805 - INFO - Raw data saved to data\raw_data_20241223_043710.json
2024-12-23 04:37:11,096 - INFO - Repository updated successfully
2024-12-23 04:37:11,118 - INFO - Raw data saved to data\raw_data_20241223_043711.json
2024-12-23 04:37:11,132 - INFO - Ensemble de données sauvegardé dans data\dataset_20241223_043711.csv
2024-12-23 04:37:11,142 - INFO - Ensemble de données sauvegardé dans data\dataset_20241223_043711.pkl
2024-12-23 04:37:16,165 - INFO - Cloning repository from https://github.com/AJEANEUDES/PED.git...
2024-12-23 04:37:16,990 - INFO - Cloning repository from https://github.com/AJEANEUDES/PED.git...
2024-12-23 04:37:17,427 - INFO - Repository updated successfully
2024-12-23 04:37:17,533 - INFO - Raw data saved to data\raw_data_20241223_043717.json
2024-12-23 04:37:18,209 - INFO - Repository updated successfully
2024-12-23 04:37:18,273 - INFO - Raw data saved to data\raw_data_20241223_043718.json
2024-12-23 04:37:18,293 - INFO - Ensemble de données sauvegardé dans data\dataset_20241223_043718.csv
2024-12-23 04:37:18,331 - INFO - Ensemble de données sauvegardé dans data\dataset_20241223_043718.pkl
2024-12-23 04:37:24,621 - INFO - Cloning repository from https://github.com/AJEANEUDES/PED.git...
2024-12-23 04:37:25,685 - INFO - Repository updated successfully
2024-12-23 04:37:25,718 - INFO - Raw data saved to data\raw_data_20241223_043725.json
2024-12-23 04:37:25,741 - INFO - Ensemble de données sauvegardé dans data\dataset_20241223_043725.csv
2024-12-23 04:37:25,748 - INFO - Ensemble de données sauvegardé dans data\dataset_20241223_043725.pkl
2024-12-23 04:37:28,076 - INFO - Cloning repository from https://github.com/AJEANEUDES/PED.git...
2024-12-23 04:37:29,038 - INFO - Repository updated successfully
2024-12-23 04:37:29,058 - INFO - Raw data saved to data\raw_data_20241223_043729.json
2024-12-23 04:37:29,072 - INFO - Ensemble de données sauvegardé dans data\dataset_20241223_043729.csv
2024-12-23 04:37:29,087 - INFO - Ensemble de données sauvegardé dans data\dataset_20241223_043729.pkl
2024-12-23 05:06:56,008 - INFO - Cloning repository from https://github.com/AJEANEUDES/PED.git...
2024-12-23 05:07:01,812 - INFO - Repository updated successfully
2024-12-23 05:07:01,952 - INFO - Raw data saved to data\raw_data_20241223_050701.json
2024-12-23 05:07:02,593 - INFO - Ensemble de données sauvegardé dans data\dataset_20241223_050702.csv
2024-12-23 05:07:02,625 - INFO - Ensemble de données sauvegardé dans data\dataset_20241223_050702.pkl
2024-12-23 05:17:41,935 - INFO - Cloning repository from https://github.com/AJEANEUDES/PED.git...
2024-12-23 05:17:44,789 - INFO - Repository updated successfully
2024-12-23 05:17:44,836 - INFO - Raw data saved to data\raw_data_20241223_051744.json
2024-12-23 05:17:45,194 - INFO - Ensemble de données sauvegardé dans data\dataset_20241223_051745.csv
2024-12-23 05:17:45,210 - INFO - Ensemble de données sauvegardé dans data\dataset_20241223_051745.pkl
